#
# There is insufficient memory for the Java Runtime Environment to continue.
# Native memory allocation (malloc) failed to allocate 1048576 bytes for AllocateHeap
# Possible reasons:
#   The system is out of physical RAM or swap space
#   The process is running with CompressedOops enabled, and the Java Heap may be blocking the growth of the native heap
# Possible solutions:
#   Reduce memory load on the system
#   Increase physical memory or swap space
#   Check if swap backing store is full
#   Decrease Java heap size (-Xmx/-Xms)
#   Decrease number of Java threads
#   Decrease Java thread stack sizes (-Xss)
#   Set larger code cache with -XX:ReservedCodeCacheSize=
#   JVM is running with Zero Based Compressed Oops mode in which the Java heap is
#     placed in the first 32GB address space. The Java Heap base address is the
#     maximum limit for the native heap growth. Please use -XX:HeapBaseMinAddress
#     to set the Java Heap base and to place the Java Heap above 32GB virtual address.
# This output file may be truncated or incomplete.
#
#  Out of Memory Error (memory/allocation.inline.hpp:61), pid=7648, tid=0x0000000000001270
#
# JRE version:  (8.0_241-b07) (build )
# Java VM: Java HotSpot(TM) 64-Bit Server VM (25.241-b07 mixed mode windows-amd64 compressed oops)
# Failed to write core dump. Minidumps are not enabled by default on client versions of Windows
#

---------------  T H R E A D  ---------------

Current thread (0x0000000002382800):  JavaThread "Unknown thread" [_thread_in_vm, id=4720, stack(0x0000000002250000,0x0000000002350000)]

Stack: [0x0000000002250000,0x0000000002350000]
[error occurred during error reporting (printing stack bounds), id 0xc0000005]

Native frames: (J=compiled Java code, j=interpreted, Vv=VM code, C=native code)


---------------  P R O C E S S  ---------------

Java Threads: ( => current thread )

Other Threads:

=>0x0000000002382800 (exited) JavaThread "Unknown thread" [_thread_in_vm, id=4720, stack(0x0000000002250000,0x0000000002350000)]

VM state:not at safepoint (normal execution)

VM Mutex/Monitor currently owned by a thread: None

heap address: 0x00000006c1a00000, size: 4070 MB, Compressed Oops mode: Zero based, Oop shift amount: 3
Narrow klass base: 0x0000000000000000, Narrow klass shift: 3
Compressed class space size: 1073741824 Address: 0x00000007c0000000

Heap:
 PSYoungGen      total 76288K, used 1310K [0x000000076b380000, 0x0000000770880000, 0x00000007c0000000)
  eden space 65536K, 2% used [0x000000076b380000,0x000000076b4c7af0,0x000000076f380000)
  from space 10752K, 0% used [0x000000076fe00000,0x000000076fe00000,0x0000000770880000)
  to   space 10752K, 0% used [0x000000076f380000,0x000000076f380000,0x000000076fe00000)
 ParOldGen       total 175104K, used 0K [0x00000006c1a00000, 0x00000006cc500000, 0x000000076b380000)
  object space 175104K, 0% used [0x00000006c1a00000,0x00000006c1a00000,0x00000006cc500000)
 Metaspace       used 752K, capacity 4480K, committed 4480K, reserved 1056768K
  class space    used 76K, capacity 384K, committed 384K, reserved 1048576K

Card table byte_map: [0x0000000011930000,0x0000000012130000] byte_map_base: 0x000000000e323000

Marking Bits: (ParMarkBitMap*) 0x000000005972be30
 Begin Bits: [0x0000000012e80000, 0x0000000016e18000)
 End Bits:   [0x0000000016e18000, 0x000000001adb0000)

Polling page: 0x00000000006a0000

CodeCache: size=245760Kb used=328Kb max_used=328Kb free=245431Kb
 bounds [0x0000000002570000, 0x00000000027e0000, 0x0000000011570000]
 total_blobs=58 nmethods=0 adapters=38
 compilation: enabled

Compilation events (0 events):
No events

GC Heap History (0 events):
No events

Deoptimization events (0 events):
No events

Classes redefined (0 events):
No events

Internal exceptions (0 events):
No events

Events (10 events):
Event: 0.026 loading class java/lang/Short
Event: 0.026 loading class java/lang/Short done
Event: 0.026 loading class java/lang/Integer
Event: 0.026 loading class java/lang/Integer done
Event: 0.026 loading class java/lang/Long
Event: 0.026 loading class java/lang/Long done
Event: 0.027 loading class java/lang/NullPointerException
Event: 0.027 loading class java/lang/NullPointerException done
Event: 0.027 loading class java/lang/ArithmeticException
Event: 0.027 loading class java/lang/ArithmeticException done


Dynamic libraries:
0x00007ff603320000 - 0x00007ff603357000 	C:\Teaching.Codes\eclipse\jre\bin\javaw.exe
0x00007ffd931a0000 - 0x00007ffd93390000 	C:\WINDOWS\SYSTEM32\ntdll.dll
0x00007ffd918a0000 - 0x00007ffd91952000 	C:\WINDOWS\System32\KERNEL32.DLL
0x00007ffd90ca0000 - 0x00007ffd90f43000 	C:\WINDOWS\System32\KERNELBASE.dll
0x00007ffd925b0000 - 0x00007ffd92653000 	C:\WINDOWS\System32\ADVAPI32.dll
0x00007ffd91300000 - 0x00007ffd9139e000 	C:\WINDOWS\System32\msvcrt.dll
0x00007ffd92c10000 - 0x00007ffd92ca7000 	C:\WINDOWS\System32\sechost.dll
0x00007ffd92ed0000 - 0x00007ffd92ff0000 	C:\WINDOWS\System32\RPCRT4.dll
0x00007ffd92cb0000 - 0x00007ffd92e44000 	C:\WINDOWS\System32\USER32.dll
0x00007ffd90100000 - 0x00007ffd90121000 	C:\WINDOWS\System32\win32u.dll
0x00007ffd913a0000 - 0x00007ffd913c6000 	C:\WINDOWS\System32\GDI32.dll
0x00007ffd90a00000 - 0x00007ffd90b94000 	C:\WINDOWS\System32\gdi32full.dll
0x00007ffd90130000 - 0x00007ffd901ce000 	C:\WINDOWS\System32\msvcp_win.dll
0x00007ffd90ba0000 - 0x00007ffd90c9a000 	C:\WINDOWS\System32\ucrtbase.dll
0x00007ffd73e60000 - 0x00007ffd740e5000 	C:\WINDOWS\WinSxS\amd64_microsoft.windows.common-controls_6595b64144ccf1df_6.0.18362.778_none_e6c6b761130d4fb8\COMCTL32.dll
0x00007ffd91560000 - 0x00007ffd91896000 	C:\WINDOWS\System32\combase.dll
0x00007ffd901d0000 - 0x00007ffd90250000 	C:\WINDOWS\System32\bcryptPrimitives.dll
0x00007ffd92450000 - 0x00007ffd9247e000 	C:\WINDOWS\System32\IMM32.DLL
0x0000000059d20000 - 0x0000000059df2000 	C:\Teaching.Codes\eclipse\jre\bin\msvcr100.dll
0x0000000058f00000 - 0x00000000597ac000 	C:\Teaching.Codes\eclipse\jre\bin\server\jvm.dll
0x00007ffd912f0000 - 0x00007ffd912f8000 	C:\WINDOWS\System32\PSAPI.DLL
0x00007ffd8c720000 - 0x00007ffd8c729000 	C:\WINDOWS\SYSTEM32\WSOCK32.dll
0x00007ffd87e20000 - 0x00007ffd87e44000 	C:\WINDOWS\SYSTEM32\WINMM.dll
0x00007ffd89d90000 - 0x00007ffd89d9a000 	C:\WINDOWS\SYSTEM32\VERSION.dll
0x00007ffd92660000 - 0x00007ffd926cf000 	C:\WINDOWS\System32\WS2_32.dll
0x00007ffd87be0000 - 0x00007ffd87c0d000 	C:\WINDOWS\SYSTEM32\winmmbase.dll
0x00007ffd910c0000 - 0x00007ffd9110a000 	C:\WINDOWS\System32\cfgmgr32.dll
0x00007ffd8c620000 - 0x00007ffd8c62f000 	C:\Teaching.Codes\eclipse\jre\bin\verify.dll
0x00007ffd877e0000 - 0x00007ffd87809000 	C:\Teaching.Codes\eclipse\jre\bin\java.dll
0x00007ffd8b1a0000 - 0x00007ffd8b1b6000 	C:\Teaching.Codes\eclipse\jre\bin\zip.dll

VM Arguments:
jvm_args: -Duser.language=en -Duser.country=US -Dfile.encoding=Cp1254 
java_command: executable.Main
java_class_path (initial): C:\Teaching.Codes\workspace\teachingcodes\user3757\semesters\2020 Spring\Cmpe160.02\takeHomes\question909\bin;C:\Teaching.Codes\eclipse\plugins\org.junit.jupiter.api_5.6.0.v20200203-2009.jar;C:\Teaching.Codes\eclipse\plugins\org.junit.jupiter.engine_5.6.0.v20200203-2009.jar;C:\Teaching.Codes\eclipse\plugins\org.junit.jupiter.migrationsupport_5.6.0.v20200203-2009.jar;C:\Teaching.Codes\eclipse\plugins\org.junit.jupiter.params_5.6.0.v20200203-2009.jar;C:\Teaching.Codes\eclipse\plugins\org.junit.platform.commons_1.6.0.v20200203-2009.jar;C:\Teaching.Codes\eclipse\plugins\org.junit.platform.engine_1.6.0.v20200203-2009.jar;C:\Teaching.Codes\eclipse\plugins\org.junit.platform.launcher_1.6.0.v20200203-2009.jar;C:\Teaching.Codes\eclipse\plugins\org.junit.platform.runner_1.6.0.v20200203-2009.jar;C:\Teaching.Codes\eclipse\plugins\org.junit.platform.suite.api_1.6.0.v20200203-2009.jar;C:\Teaching.Codes\eclipse\plugins\org.junit.vintage.engine_5.6.0.v20200203-2009.jar;C:\Teaching.Codes\eclipse\plugins\org.opentest4j_1.2.0.v20190826-0900.jar;C:\Teaching.Codes\eclipse\plugins\org.apiguardian_1.1.0.v20190826-0900.jar;C:\Teaching.Codes\eclipse\plugins\org.junit_4.13.0.v20200204-1500.jar;C:\Teaching.Codes\eclipse\plugins\org.hamcrest.core_1.3.0.v20180420-1519.jar
Launcher Type: SUN_STANDARD

Environment Variables:
PATH=C:/Teaching.Codes/eclipse/jre/bin/server;C:/Teaching.Codes/eclipse/jre/bin;C:/Teaching.Codes/eclipse/jre/lib/amd64;C:\Teaching.Codes\cygwin\bin;C:\Program Files (x86)\Common Files\Oracle\Java\javapath;C:\Program Files (x86)\Intel\iCLS Client\;C:\Program Files\Intel\iCLS Client\;C:\Windows\system32;C:\Windows;C:\Windows\System32\Wbem;C:\Windows\System32\WindowsPowerShell\v1.0\;C:\Program Files (x86)\Intel\Intel(R) Management Engine Components\DAL;C:\Program Files\Intel\Intel(R) Management Engine Components\DAL;C:\Program Files (x86)\Intel\Intel(R) Management Engine Components\IPT;C:\Program Files\Intel\Intel(R) Management Engine Components\IPT;C:\Program Files (x86)\NVIDIA Corporation\PhysX\Common;C:\WINDOWS\system32;C:\WINDOWS;C:\WINDOWS\System32\Wbem;C:\WINDOWS\System32\WindowsPowerShell\v1.0\;C:\WINDOWS\System32\OpenSSH\;C:\Program Files\dotnet\;C:\Program Files\Microsoft SQL Server\130\Tools\Binn\;C:\Program Files\Microsoft SQL Server\Client SDK\ODBC\130\Tools\Binn\;C:\Program Files (x86)\Microsoft SQL Server\140\Tools\Binn\;C:\Program Files\Microsoft SQL Server\140\Tools\Binn\;C:\Program Files\Microsoft SQL Server\140\DTS\Binn\;C:\Program Files\Git\cmd;C:\Users\lenovo\AppData\Local\Microsoft\WindowsApps;;C:\iverilog\bin;C:\iverilog\gtkwave\bin;C:\Teaching.Codes\eclipse;
USERNAME=lenovo
OS=Windows_NT
PROCESSOR_IDENTIFIER=Intel64 Family 6 Model 158 Stepping 9, GenuineIntel



---------------  S Y S T E M  ---------------

OS: Windows 10.0 , 64 bit Build 18362 (10.0.18362.778)

CPU:total 8 (initial active 8) (4 cores per cpu, 2 threads per core) family 6 model 158 stepping 9, cmov, cx8, fxsr, mmx, sse, sse2, sse3, ssse3, sse4.1, sse4.2, popcnt, avx, avx2, aes, clmul, erms, 3dnowpref, lzcnt, ht, tsc, tscinvbit, bmi1, bmi2, adx

Memory: 4k page, physical 16666788k(6089240k free), swap 19943584k(6096k free)

vm_info: Java HotSpot(TM) 64-Bit Server VM (25.241-b07) for windows-amd64 JRE (1.8.0_241-b07), built on Dec 11 2019 10:21:40 by "rejava" with MS VC++ 10.0 (VS2010)

time: Wed May 13 20:20:57 2020
timezone: Türkiye Standart Saati
elapsed time: 0 seconds (0d 0h 0m 0s)

